<?xml version="1.0" encoding="UTF-8"?>
<testsuite xmlns:xsi="http://www.w3.org/2001/XMLSchema-instance" xsi:noNamespaceSchemaLocation="https://maven.apache.org/surefire/maven-surefire-plugin/xsd/surefire-test-report-3.0.xsd" version="3.0" name="com.example.KarateTestRunner" time="14.84" tests="8" errors="0" skipped="0" failures="0">
  <properties>
[...]
</properties>
  <testcase name="[1:3] Validate GET request to fetch all posts" classname="features/simpleTest" time="1.762">
    <system-out><![CDATA[13:09:49,871 |-INFO in ch.qos.logback.classic.LoggerContext[default] - Could NOT find resource [logback-test.xml]
13:09:49,871 |-INFO in ch.qos.logback.classic.LoggerContext[default] - Could NOT find resource [logback.groovy]
13:09:49,871 |-INFO in ch.qos.logback.classic.LoggerContext[default] - Found resource [logback.xml] at [file:/Users/andresamarilis/Desktop/karatePractice/KaratePractice/target/test-classes/logback.xml]
13:09:49,894 |-INFO in ch.qos.logback.classic.joran.action.ConfigurationAction - debug attribute not set
13:09:49,895 |-INFO in ch.qos.logback.classic.joran.action.LoggerAction - Setting level of logger [org.thymeleaf] to WARN
13:09:49,895 |-INFO in ch.qos.logback.classic.joran.action.RootLoggerAction - Setting level of ROOT logger to INFO
13:09:49,896 |-ERROR in ch.qos.logback.core.joran.action.AppenderRefAction - Could not find an appender named [STDOUT]. Did you define it below instead of above in the configuration file?
13:09:49,896 |-ERROR in ch.qos.logback.core.joran.action.AppenderRefAction - See http://logback.qos.ch/codes.html#appender_order for more details.
13:09:49,896 |-INFO in ch.qos.logback.classic.joran.action.ConfigurationAction - End of configuration.
13:09:49,896 |-INFO in ch.qos.logback.classic.joran.JoranConfigurator@37858383 - Registering current configuration as safe fallback point

---------------------------------------------------------
feature: classpath:features/simpleTest.feature
scenarios:  1 | passed:  1 | failed:  0 | time: 1.1226
---------------------------------------------------------

]]></system-out>
  </testcase>
  <testcase name="[1:3] Validate POST request to create a new post" classname="features/createPostTest" time="1.037">
    <system-out><![CDATA[---------------------------------------------------------
feature: classpath:features/createPostTest.feature
scenarios:  1 | passed:  1 | failed:  0 | time: 0.9832
---------------------------------------------------------

]]></system-out>
  </testcase>
  <testcase name="[1:6] Get a list of users and validate the response" classname="features/multiEndpointTest" time="0.74"/>
  <testcase name="[2:15] Create a new post for a specific user and validate the response" classname="features/multiEndpointTest" time="1.02"/>
  <testcase name="[3:25] Retrieve comments for a specific post and validate details" classname="features/multiEndpointTest" time="0.806"/>
  <testcase name="[4:34] Update an existing post and validate the response" classname="features/multiEndpointTest" time="1.399"/>
  <testcase name="[5:43] Delete a post and verify response" classname="features/multiEndpointTest" time="1.845">
    <system-out><![CDATA[---------------------------------------------------------
feature: classpath:features/multiEndpointTest.feature
scenarios:  5 | passed:  5 | failed:  0 | time: 5.6990
---------------------------------------------------------

]]></system-out>
  </testcase>
  <testcase name="[1:6] Workflow with Linked Actions" classname="features/UserWorkflowIntegrationTest" time="5.89">
    <system-out><![CDATA[---------------------------------------------------------
feature: classpath:features/UserWorkflowIntegrationTest.feature
scenarios:  1 | passed:  1 | failed:  0 | time: 5.7664
---------------------------------------------------------

Karate version: 1.4.0
======================================================
elapsed:  14.68 | threads:    1 | thread time: 13.57 
features:     4 | skipped:    0 | efficiency: 0.92
scenarios:    8 | passed:     8 | failed: 0
======================================================

HTML report: (paste into browser to view) | Karate version: 1.4.0
file:///Users/andresamarilis/Desktop/karatePractice/KaratePractice/target/karate-reports/karate-summary.html
===================================================================

]]></system-out>
  </testcase>
</testsuite>